nohup: ignoring input
Building...
info: Yarp.ReverseProxy.Configuration.ConfigProvider.ConfigurationConfigProvider[1]
      Loading proxy data from config.
fail: Microsoft.Extensions.Hosting.Internal.Host[11]
      Hosting failed to start
      System.IO.IOException: Failed to bind to address http://0.0.0.0:7000: address already in use.
       ---> Microsoft.AspNetCore.Connections.AddressInUseException: Address already in use
       ---> System.Net.Sockets.SocketException (98): Address already in use
         at System.Net.Sockets.Socket.DoBind(EndPoint endPointSnapshot, SocketAddress socketAddress)
         at System.Net.Sockets.Socket.Bind(EndPoint localEP)
         at Microsoft.AspNetCore.Server.Kestrel.Transport.Sockets.SocketTransportOptions.CreateDefaultBoundListenSocket(EndPoint endpoint)
         at Microsoft.AspNetCore.Server.Kestrel.Transport.Sockets.SocketConnectionListener.Bind()
         --- End of inner exception stack trace ---
         at Microsoft.AspNetCore.Server.Kestrel.Transport.Sockets.SocketConnectionListener.Bind()
         at Microsoft.AspNetCore.Server.Kestrel.Transport.Sockets.SocketTransportFactory.BindAsync(EndPoint endpoint, CancellationToken cancellationToken)
         at Microsoft.AspNetCore.Server.Kestrel.Core.Internal.Infrastructure.TransportManager.BindAsync(EndPoint endPoint, ConnectionDelegate connectionDelegate, EndpointConfig endpointConfig, CancellationToken cancellationToken)
         at Microsoft.AspNetCore.Server.Kestrel.Core.KestrelServerImpl.<>c__DisplayClass28_0`1.<<StartAsync>g__OnBind|0>d.MoveNext()
      --- End of stack trace from previous location ---
         at Microsoft.AspNetCore.Server.Kestrel.Core.Internal.AddressBinder.BindEndpointAsync(ListenOptions endpoint, AddressBindContext context, CancellationToken cancellationToken)
         --- End of inner exception stack trace ---
         at Microsoft.AspNetCore.Server.Kestrel.Core.Internal.AddressBinder.BindEndpointAsync(ListenOptions endpoint, AddressBindContext context, CancellationToken cancellationToken)
         at Microsoft.AspNetCore.Server.Kestrel.Core.ListenOptions.BindAsync(AddressBindContext context, CancellationToken cancellationToken)
         at Microsoft.AspNetCore.Server.Kestrel.Core.Internal.AddressBinder.AddressesStrategy.BindAsync(AddressBindContext context, CancellationToken cancellationToken)
         at Microsoft.AspNetCore.Server.Kestrel.Core.Internal.AddressBinder.BindAsync(ListenOptions[] listenOptions, AddressBindContext context, Func`2 useHttps, CancellationToken cancellationToken)
         at Microsoft.AspNetCore.Server.Kestrel.Core.KestrelServerImpl.BindAsync(CancellationToken cancellationToken)
         at Microsoft.AspNetCore.Server.Kestrel.Core.KestrelServerImpl.StartAsync[TContext](IHttpApplication`1 application, CancellationToken cancellationToken)
         at Microsoft.AspNetCore.Hosting.GenericWebHostService.StartAsync(CancellationToken cancellationToken)
         at Microsoft.Extensions.Hosting.Internal.Host.<StartAsync>b__15_1(IHostedService service, CancellationToken token)
         at Microsoft.Extensions.Hosting.Internal.Host.ForeachService[T](IEnumerable`1 services, CancellationToken token, Boolean concurrent, Boolean abortOnFirstException, List`1 exceptions, Func`3 operation)
Unhandled exception. System.IO.IOException: Failed to bind to address http://0.0.0.0:7000: address already in use.
 ---> Microsoft.AspNetCore.Connections.AddressInUseException: Address already in use
 ---> System.Net.Sockets.SocketException (98): Address already in use
   at System.Net.Sockets.Socket.DoBind(EndPoint endPointSnapshot, SocketAddress socketAddress)
   at System.Net.Sockets.Socket.Bind(EndPoint localEP)
   at Microsoft.AspNetCore.Server.Kestrel.Transport.Sockets.SocketTransportOptions.CreateDefaultBoundListenSocket(EndPoint endpoint)
   at Microsoft.AspNetCore.Server.Kestrel.Transport.Sockets.SocketConnectionListener.Bind()
   --- End of inner exception stack trace ---
   at Microsoft.AspNetCore.Server.Kestrel.Transport.Sockets.SocketConnectionListener.Bind()
   at Microsoft.AspNetCore.Server.Kestrel.Transport.Sockets.SocketTransportFactory.BindAsync(EndPoint endpoint, CancellationToken cancellationToken)
   at Microsoft.AspNetCore.Server.Kestrel.Core.Internal.Infrastructure.TransportManager.BindAsync(EndPoint endPoint, ConnectionDelegate connectionDelegate, EndpointConfig endpointConfig, CancellationToken cancellationToken)
   at Microsoft.AspNetCore.Server.Kestrel.Core.KestrelServerImpl.<>c__DisplayClass28_0`1.<<StartAsync>g__OnBind|0>d.MoveNext()
--- End of stack trace from previous location ---
   at Microsoft.AspNetCore.Server.Kestrel.Core.Internal.AddressBinder.BindEndpointAsync(ListenOptions endpoint, AddressBindContext context, CancellationToken cancellationToken)
   --- End of inner exception stack trace ---
   at Microsoft.AspNetCore.Server.Kestrel.Core.Internal.AddressBinder.BindEndpointAsync(ListenOptions endpoint, AddressBindContext context, CancellationToken cancellationToken)
   at Microsoft.AspNetCore.Server.Kestrel.Core.ListenOptions.BindAsync(AddressBindContext context, CancellationToken cancellationToken)
   at Microsoft.AspNetCore.Server.Kestrel.Core.Internal.AddressBinder.AddressesStrategy.BindAsync(AddressBindContext context, CancellationToken cancellationToken)
   at Microsoft.AspNetCore.Server.Kestrel.Core.Internal.AddressBinder.BindAsync(ListenOptions[] listenOptions, AddressBindContext context, Func`2 useHttps, Cancellatioinfo: Yarp.ReverseProxy.Forwarder.HttpForwarder[9]
      Proxying to http://localhost:7002/api/Order/buy-cart HTTP/2 RequestVersionExact 
info: Yarp.ReverseProxy.Forwarder.HttpForwarder[56]
      Received HTTP/2.0 response 500.
info: Yarp.ReverseProxy.Forwarder.HttpForwarder[9]
      Proxying to http://localhost:7002/api/Order/buy-cart HTTP/2 RequestVersionExact 
info: Yarp.ReverseProxy.Forwarder.HttpForwarder[56]
      Received HTTP/2.0 response 500.
info: Yarp.ReverseProxy.Forwarder.HttpForwarder[9]
      Proxying to http://localhost:7002/api/Order/buy-cart HTTP/2 RequestVersionExact 
info: Yarp.ReverseProxy.Forwarder.HttpForwarder[56]
      Received HTTP/2.0 response 500.
info: Yarp.ReverseProxy.Forwarder.HttpForwarder[9]
      Proxying to http://localhost:7002/api/Order/buy-cart HTTP/2 RequestVersionExact 
info: Yarp.ReverseProxy.Forwarder.HttpForwarder[56]
      Received HTTP/2.0 response 500.
info: Yarp.ReverseProxy.Forwarder.HttpForwarder[9]
      Proxying to http://localhost:7002/api/Order/buy-cart HTTP/2 RequestVersionExact 
info: Yarp.ReverseProxy.Forwarder.HttpForwarder[56]
      Received HTTP/2.0 response 500.
info: Yarp.ReverseProxy.Forwarder.HttpForwarder[9]
      Proxying to http://localhost:7002/api/Order/buy-cart HTTP/2 RequestVersionExact 
info: Yarp.ReverseProxy.Forwarder.HttpForwarder[56]
      Received HTTP/2.0 response 500.
info: Yarp.ReverseProxy.Forwarder.HttpForwarder[9]
      Proxying to http://localhost:7002/api/Order/buy-cart HTTP/2 RequestVersionExact 
info: Yarp.ReverseProxy.Forwarder.HttpForwarder[56]
      Received HTTP/2.0 response 500.
info: Yarp.ReverseProxy.Forwarder.HttpForwarder[9]
      Proxying to http://localhost:7002/api/Order/buy-cart HTTP/2 RequestVersionExact 
info: Yarp.ReverseProxy.Forwarder.HttpForwarder[56]
      Received HTTP/2.0 response 500.
info: Microsoft.Hosting.Lifetime[0]
      Application is shutting down...
