nohup: ignoring input
Building...
warn: Microsoft.AspNetCore.Server.Kestrel[0]
      Overriding address(es) 'http://localhost:5266'. Binding to endpoints defined via IConfiguration and/or UseKestrel() instead.
info: Microsoft.Hosting.Lifetime[14]
      Now listening on: http://[::]:7003
info: Microsoft.Hosting.Lifetime[0]
      Application started. Press Ctrl+C to shut down.
info: Microsoft.Hosting.Lifetime[0]
      Hosting environment: Development
info: Microsoft.Hosting.Lifetime[0]
      Content root path: /home/asus/Desktop/bootcamp-order-inventory-delivery-system/src/UserService
info: Microsoft.EntityFrameworkCore.Database.Command[20101]
      Executed DbCommand (76ms) [Parameters=[@__tel_0='?', @__email_1='?'], CommandType='Text', CommandTimeout='30']
      SELECT EXISTS (
          SELECT 1
          FROM "user" AS u
          WHERE u.tel = @__tel_0 OR u.email = @__email_1)
info: Microsoft.EntityFrameworkCore.Database.Command[20101]
      Executed DbCommand (11ms) [Parameters=[@p0='?' (DbType = Guid), @p1='?', @p2='?' (DbType = Date), @p3='?', @p4='?', @p5='?', @p6='?', @p7='?'], CommandType='Text', CommandTimeout='30']
      INSERT INTO "user" (user_id, address, date_of_birth, email, name, role, surname, tel)
      VALUES (@p0, @p1, @p2, @p3, @p4, @p5, @p6, @p7)
      RETURNING is_active;
info: Microsoft.EntityFrameworkCore.Database.Command[20101]
      Executed DbCommand (18ms) [Parameters=[@p0='?' (DbType = Guid), @p1='?', @p2='?', @p3='?' (DbType = DateTime), @p4='?' (DbType = Guid)], CommandType='Text', CommandTimeout='30']
      INSERT INTO user_auth (id, password_hash, refresh_token, refresh_token_expiry_time, user_id)
      VALUES (@p0, @p1, @p2, @p3, @p4);
info: Microsoft.EntityFrameworkCore.Database.Command[20101]
      Executed DbCommand (4ms) [Parameters=[@__tel_0='?', @__email_1='?'], CommandType='Text', CommandTimeout='30']
      SELECT EXISTS (
          SELECT 1
          FROM "user" AS u
          WHERE u.tel = @__tel_0 OR u.email = @__email_1)
info: Microsoft.EntityFrameworkCore.Database.Command[20101]
      Executed DbCommand (5ms) [Parameters=[@p0='?' (DbType = Guid), @p1='?', @p2='?' (DbType = Date), @p3='?', @p4='?', @p5='?', @p6='?', @p7='?'], CommandType='Text', CommandTimeout='30']
      INSERT INTO "user" (user_id, address, date_of_birth, email, name, role, surname, tel)
      VALUES (@p0, @p1, @p2, @p3, @p4, @p5, @p6, @p7)
      RETURNING is_active;
info: Microsoft.EntityFrameworkCore.Database.Command[20101]
      Executed DbCommand (5ms) [Parameters=[@p0='?' (DbType = Guid), @p1='?', @p2='?', @p3='?' (DbType = DateTime), @p4='?' (DbType = Guid)], CommandType='Text', CommandTimeout='30']
      INSERT INTO user_auth (id, password_hash, refresh_token, refresh_token_expiry_time, user_id)
      VALUES (@p0, @p1, @p2, @p3, @p4);
info: Microsoft.Hosting.Lifetime[0]
      Application is shutting down...
